Nov 23, 2020 10:58:02 AM registry.Logging logging
INFO: New service registered: hello you localhost:8000
Nov 23, 2020 6:39:30 PM registry.Logging logging
INFO: New service registered: test localhost:8000
Nov 23, 2020 6:42:25 PM registry.Logging logging
INFO: New service registered: test localhost:8000
Nov 23, 2020 6:46:28 PM registry.Logging logging
INFO: New service registered: amehlhase localhost:10000
Nov 23, 2020 8:42:01 PM registry.Logging logging
INFO: New service registered: test localhost:8000
Dec 10, 2020 10:21:51 AM registry.Logging logging
INFO: New service registered: test localhost:8000
Dec 10, 2020 10:26:34 AM registry.Logging logging
INFO: New service registered: test localhost:8000
Dec 10, 2020 10:35:36 AM registry.Logging logging
INFO: New service registered: test localhost:8000
Dec 10, 2020 10:56:54 AM registry.Logging logging
INFO: New service registered: test localhost:8000
Dec 10, 2020 10:59:31 AM registry.Logging logging
INFO: New service registered: test localhost:8000
Dec 10, 2020 11:01:30 AM registry.Logging logging
INFO: New service registered: test localhost:8000
Jul 06, 2021 4:07:01 PM registry.Logging logging
INFO: New service registered: test localhost:8000
Jul 06, 2021 4:24:15 PM registry.Logging logging
INFO: New service registered: baker localhost:10000
Jul 06, 2021 4:28:44 PM registry.Logging logging
INFO: New service registered: baker localhost:10000
Jul 10, 2021 12:39:50 PM registry.Logging logging
INFO: New service registered: test localhost:8000
Jul 10, 2021 1:33:50 PM registry.Logging logging
INFO: New service registered: test localhost:8000
Jul 10, 2021 3:43:49 PM registry.Logging logging
INFO: New service registered: test localhost:8000
Jul 10, 2021 8:19:38 PM registry.Logging logging
INFO: New service registered: test localhost:8000
Jul 10, 2021 8:35:45 PM registry.Logging logging
INFO: New service registered: test localhost:8000
Jul 10, 2021 8:39:09 PM registry.Logging logging
INFO: New service registered: test localhost:8000
Jul 10, 2021 8:47:20 PM registry.Logging logging
INFO: New service registered: test localhost:8000
Jul 10, 2021 8:48:15 PM registry.Logging logging
INFO: New service registered: test localhost:8000
Jul 10, 2021 8:54:56 PM registry.Logging logging
INFO: New service registered: test localhost:8000
Jul 10, 2021 8:55:48 PM registry.Logging logging
INFO: New service registered: test localhost:8000
Jul 10, 2021 9:11:52 PM registry.Logging logging
INFO: New service registered: test localhost:8000
Jul 10, 2021 9:15:07 PM registry.Logging logging
INFO: New service registered: test localhost:8000
Jul 10, 2021 10:23:42 PM registry.Logging logging
INFO: New service registered: test localhost:8000
Jul 10, 2021 11:24:23 PM registry.Logging logging
INFO: New service registered: test localhost:8000
Jul 11, 2021 12:24:17 AM registry.Logging logging
INFO: New service registered: test localhost:8000
Jul 11, 2021 12:30:29 AM registry.Logging logging
INFO: New service registered: test localhost:8000
Jul 11, 2021 12:55:49 AM registry.Logging logging
INFO: New service registered: test localhost:8000
Jul 11, 2021 1:07:33 AM registry.Logging logging
INFO: New service registered: test localhost:8000
Jul 11, 2021 1:14:58 AM registry.Logging logging
INFO: New service registered: test localhost:8000
